2024-12-19 21:54:34 - HV000001: Hibernate Validator 8.0.1.Final
2024-12-19 21:54:34 - Starting ProfileApplication using Java 23.0.1 with PID 3314 (/Users/mac/IdeaProjects/Profile/target/classes started by mac in /Users/mac/IdeaProjects/Profile)
2024-12-19 21:54:34 - Running with Spring Boot v3.4.0, Spring v6.2.0
2024-12-19 21:54:34 - No active profile set, falling back to 1 default profile: "default"
2024-12-19 21:54:35 - Bootstrapping Spring Data JPA repositories in DEFAULT mode.
2024-12-19 21:54:35 - Finished Spring Data repository scanning in 42 ms. Found 1 JPA repository interface.
2024-12-19 21:54:36 - Tomcat initialized with port 10000 (http)
2024-12-19 21:54:36 - Initializing ProtocolHandler ["http-nio-10000"]
2024-12-19 21:54:36 - Starting service [Tomcat]
2024-12-19 21:54:36 - Starting Servlet engine: [Apache Tomcat/10.1.33]
2024-12-19 21:54:36 - Initializing Spring embedded WebApplicationContext
2024-12-19 21:54:36 - Root WebApplicationContext: initialization completed in 1609 ms
2024-12-19 21:54:36 - Filter 'requestResponseLoggingFilter' configured for use
2024-12-19 21:54:36 - Database: jdbc:postgresql://localhost:5432/TESTDB (PostgreSQL 17.2)
2024-12-19 21:54:36 - Successfully validated 3 migrations (execution time 00:00.030s)
2024-12-19 21:54:36 - Current version of schema "profile": 1.0.2
2024-12-19 21:54:36 - Schema "profile" is up to date. No migration necessary.
2024-12-19 21:54:36 - HHH000204: Processing PersistenceUnitInfo [name: default]
2024-12-19 21:54:36 - HHH000412: Hibernate ORM core version 6.6.2.Final
2024-12-19 21:54:36 - HHH000026: Second-level cache disabled
2024-12-19 21:54:37 - No LoadTimeWeaver setup: ignoring JPA class transformer
2024-12-19 21:54:37 - HikariPool-1 - Starting...
2024-12-19 21:54:37 - HikariPool-1 - Added connection org.postgresql.jdbc.PgConnection@511de4dd
2024-12-19 21:54:37 - HikariPool-1 - Start completed.
2024-12-19 21:54:37 - HHH90000025: PostgreSQLDialect does not need to be specified explicitly using 'hibernate.dialect' (remove the property setting and it will be selected by default)
2024-12-19 21:54:37 - HHH10001005: Database info:
	Database JDBC URL [Connecting through datasource 'HikariDataSource (HikariPool-1)']
	Database driver: undefined/unknown
	Database version: 17.2
	Autocommit mode: undefined/unknown
	Isolation level: undefined/unknown
	Minimum pool size: undefined/unknown
	Maximum pool size: undefined/unknown
2024-12-19 21:54:38 - HHH000489: No JTA platform available (set 'hibernate.transaction.jta.platform' to enable JTA platform integration)
2024-12-19 21:54:38 - Initialized JPA EntityManagerFactory for persistence unit 'default'
2024-12-19 21:54:38 - Hibernate is in classpath; If applicable, HQL parser will be used.
2024-12-19 21:54:39 - Starting ProtocolHandler ["http-nio-10000"]
2024-12-19 21:54:39 - Tomcat started on port 10000 (http) with context path '/'
2024-12-19 21:54:39 - Started ProfileApplication in 5.979 seconds (process running for 6.629)
2024-12-19 21:54:47 - Initializing Spring DispatcherServlet 'dispatcherServlet'
2024-12-19 21:54:47 - Initializing Servlet 'dispatcherServlet'
2024-12-19 21:54:47 - Completed initialization in 2 ms
2024-12-19 21:54:47 - Request URI: /profile/get
2024-12-19 21:54:47 - Request Method: GET
2024-12-19 21:54:47 - Request Params: org.apache.catalina.util.ParameterMap@4649853
2024-12-19 21:54:47 - Request Body: 
2024-12-19 21:54:47 - [retrieveActiveProfileList] start retrieve active profile list with pageable config: Page request [number: 0, size 10, sort: firstName: ASC]
2024-12-19 21:54:48 - Response Status: 200
2024-12-19 21:54:48 - Response Body: {"content":[{"id":1,"firstName":"Bakar","lastName":"Abu","homeAddress1":"Blok 30, Taman Connaught","homeAddress2":"Kuala Lumpur","emailAddress":"bakar@mail.com","phoneNumber":"0123456789","statusCode":"A","createdTime":"2024-12-18T15:41:06.390031Z","version":0},{"id":2,"firstName":"Beckham","lastName":"David","homeAddress1":"University Malaya","homeAddress2":"Selangor","emailAddress":"beckham@mail.com","phoneNumber":"0128973478","statusCode":"A","createdTime":"2024-12-18T15:41:06.390031Z","version":0},{"id":12,"firstName":"Bing","lastName":"He","homeAddress1":"Sunway Pyramid","homeAddress2":"Kuala Lumpur","emailAddress":"he@mail.com","phoneNumber":"0123799399","statusCode":"A","createdTime":"2024-12-18T15:41:06.390031Z","version":0},{"id":6,"firstName":"Che Yang","lastName":"Foo","homeAddress1":"Midvalley","homeAddress2":"Kuala Lumpur","emailAddress":"foo@mail.com","phoneNumber":"0187646727","statusCode":"A","createdTime":"2024-12-18T15:41:06.390031Z","version":0},{"id":7,"firstName":"Dou","lastName":"Doo","homeAddress1":"Paradigm Mall","homeAddress2":"Selangor","emailAddress":"doo@mail.com","phoneNumber":"0138975289","statusCode":"A","createdTime":"2024-12-18T15:41:06.390031Z","version":0},{"id":5,"firstName":"Leong","lastName":"Tina","homeAddress1":"Midvalley","homeAddress2":"Kuala Lumpur","emailAddress":"tina@mail.com","phoneNumber":"0123874799","statusCode":"A","createdTime":"2024-12-18T15:41:06.390031Z","version":0},{"id":4,"firstName":"Li","lastName":"Jovanne","homeAddress1":"Midvalley","homeAddress2":"Kuala Lumpur","emailAddress":"li@mail.com","phoneNumber":"0189737890","statusCode":"A","createdTime":"2024-12-18T15:41:06.390031Z","version":0},{"id":3,"firstName":"Loreal","lastName":"Jesslyn","homeAddress1":"University Malaya","homeAddress2":"Selangor","emailAddress":"loreal@mail.com","phoneNumber":"0126789056","statusCode":"A","createdTime":"2024-12-18T15:41:06.390031Z","version":0},{"id":11,"firstName":"Thing","lastName":"Tong","homeAddress1":"Sunway Pyramid","homeAddress2":"Kuala Lumpur","emailAddress":"thing@mail.com","phoneNumber":"0102932323","statusCode":"A","createdTime":"2024-12-18T15:41:06.390031Z","version":0},{"id":9,"firstName":"Yang","lastName":"Ooi","homeAddress1":"One Utama","homeAddress2":"Selangor","emailAddress":"ooi@mail.com","phoneNumber":"0136877892","statusCode":"A","createdTime":"2024-12-18T15:41:06.390031Z","version":0}],"pageable":{"pageNumber":0,"pageSize":10,"sort":{"empty":true,"sorted":false,"unsorted":true},"offset":0,"paged":true,"unpaged":false},"totalPages":2,"totalElements":12,"last":false,"size":10,"number":0,"sort":{"empty":true,"sorted":false,"unsorted":true},"numberOfElements":10,"first":true,"empty":false}
2024-12-19 21:54:52 - Request URI: /profile/add
2024-12-19 21:54:52 - Request Method: POST
2024-12-19 21:54:52 - Request Params: org.apache.catalina.util.ParameterMap@7f135eba
2024-12-19 21:54:52 - Request Body: 
2024-12-19 21:54:52 - [insertProfile] maxId: 12
2024-12-19 21:54:52 - [insertProfile] insert profile success!
2024-12-19 21:54:52 - Response Status: 200
2024-12-19 21:54:52 - Response Body: {"id":13,"firstName":"Tales","lastName":"Gogo","homeAddress1":"Petaling Jaya","homeAddress2":"Selangor","emailAddress":"gogo@mail.com","phoneNumber":"0123456789","statusCode":"A","createdTime":"2024-12-19T13:54:52.837866Z","version":0}
2024-12-19 21:54:56 - Request URI: /profile/update/13
2024-12-19 21:54:56 - Request Method: PUT
2024-12-19 21:54:56 - Request Params: org.apache.catalina.util.ParameterMap@d39cebe
2024-12-19 21:54:56 - Request Body: 
2024-12-19 21:54:57 - [updateProfile] update profile success!
2024-12-19 21:54:57 - Response Status: 200
2024-12-19 21:54:57 - Response Body: {"id":13,"firstName":"Liew","lastName":"Gina","homeAddress1":"Petaling Jaya","homeAddress2":"Selangor","emailAddress":"gina@mail.com","phoneNumber":"0128972282","statusCode":"A","createdTime":"2024-12-19T13:54:52.837866Z","version":1}
2024-12-19 21:55:03 - Request URI: /profile/delete/13
2024-12-19 21:55:03 - Request Method: PUT
2024-12-19 21:55:03 - Request Params: org.apache.catalina.util.ParameterMap@1b4e7da9
2024-12-19 21:55:03 - Request Body: 
2024-12-19 21:55:03 - [deleteProfile] soft delete profile success!
2024-12-19 21:55:03 - Response Status: 200
2024-12-19 21:55:03 - Response Body: {"id":13,"firstName":"Liew","lastName":"Gina","homeAddress1":"Petaling Jaya","homeAddress2":"Selangor","emailAddress":"gina@mail.com","phoneNumber":"0128972282","statusCode":"D","createdTime":"2024-12-19T13:54:52.837866Z","version":2}
2024-12-19 21:55:07 - Request URI: /profile/posts/get/1
2024-12-19 21:55:07 - Request Method: GET
2024-12-19 21:55:07 - Request Params: org.apache.catalina.util.ParameterMap@7c484e6b
2024-12-19 21:55:07 - Request Body: 
2024-12-19 21:55:07 - [retrievePostByProfileId] userId : 1
2024-12-19 21:55:07 - [retrievePostByProfileId] valid user profile: Profile(id=1, firstName=Bakar, lastName=Abu, homeAddress1=Blok 30, Taman Connaught, homeAddress2=Kuala Lumpur, emailAddress=bakar@mail.com, phoneNumber=0123456789, createdTime=2024-12-18T15:41:06.390031Z, statusCode=A, version=0)
2024-12-19 21:55:08 - Response Status: 200
2024-12-19 21:55:08 - Response Body: [{"userId":1,"postId":"1","postTitle":"sunt aut facere repellat provident occaecati excepturi optio reprehenderit","postBody":"quia et suscipit\nsuscipit recusandae consequuntur expedita et cum\nreprehenderit molestiae ut ut quas totam\nnostrum rerum est autem sunt rem eveniet architecto"},{"userId":1,"postId":"2","postTitle":"qui est esse","postBody":"est rerum tempore vitae\nsequi sint nihil reprehenderit dolor beatae ea dolores neque\nfugiat blanditiis voluptate porro vel nihil molestiae ut reiciendis\nqui aperiam non debitis possimus qui neque nisi nulla"},{"userId":1,"postId":"3","postTitle":"ea molestias quasi exercitationem repellat qui ipsa sit aut","postBody":"et iusto sed quo iure\nvoluptatem occaecati omnis eligendi aut ad\nvoluptatem doloribus vel accusantium quis pariatur\nmolestiae porro eius odio et labore et velit aut"},{"userId":1,"postId":"4","postTitle":"eum et est occaecati","postBody":"ullam et saepe reiciendis voluptatem adipisci\nsit amet autem assumenda provident rerum culpa\nquis hic commodi nesciunt rem tenetur doloremque ipsam iure\nquis sunt voluptatem rerum illo velit"},{"userId":1,"postId":"5","postTitle":"nesciunt quas odio","postBody":"repudiandae veniam quaerat sunt sed\nalias aut fugiat sit autem sed est\nvoluptatem omnis possimus esse voluptatibus quis\nest aut tenetur dolor neque"},{"userId":1,"postId":"6","postTitle":"dolorem eum magni eos aperiam quia","postBody":"ut aspernatur corporis harum nihil quis provident sequi\nmollitia nobis aliquid molestiae\nperspiciatis et ea nemo ab reprehenderit accusantium quas\nvoluptate dolores velit et doloremque molestiae"},{"userId":1,"postId":"7","postTitle":"magnam facilis autem","postBody":"dolore placeat quibusdam ea quo vitae\nmagni quis enim qui quis quo nemo aut saepe\nquidem repellat excepturi ut quia\nsunt ut sequi eos ea sed quas"},{"userId":1,"postId":"8","postTitle":"dolorem dolore est ipsam","postBody":"dignissimos aperiam dolorem qui eum\nfacilis quibusdam animi sint suscipit qui sint possimus cum\nquaerat magni maiores excepturi\nipsam ut commodi dolor voluptatum modi aut vitae"},{"userId":1,"postId":"9","postTitle":"nesciunt iure omnis dolorem tempora et accusantium","postBody":"consectetur animi nesciunt iure dolore\nenim quia ad\nveniam autem ut quam aut nobis\net est aut quod aut provident voluptas autem voluptas"},{"userId":1,"postId":"10","postTitle":"optio molestias id quia eum","postBody":"quo et expedita modi cum officia vel magni\ndoloribus qui repudiandae\nvero nisi sit\nquos veniam quod sed accusamus veritatis error"}]
2024-12-19 22:06:20 - Commencing graceful shutdown. Waiting for active requests to complete
2024-12-19 22:06:21 - Graceful shutdown complete
2024-12-19 22:06:21 - Closing JPA EntityManagerFactory for persistence unit 'default'
2024-12-19 22:06:21 - HikariPool-1 - Shutdown initiated...
2024-12-19 22:06:21 - HikariPool-1 - Shutdown completed.
